<?xml version="1.0" encoding="UTF-8"?>
<testsuite name="PlanetAssessment.LibraryTest" tests="1" skipped="0" failures="0" errors="0" timestamp="2023-05-17T20:20:53" hostname="LAPTOP-KRHQKUMT" time="0.019">
  <properties/>
  <testcase name="someLibraryMethodReturnsTrue()" classname="PlanetAssessment.LibraryTest" time="0.019"/>
  <system-out><![CDATA[]]></system-out>
  <system-err><![CDATA[]]></system-err>
</testsuite>
